[debug] [2023-08-16T21:19:44.093Z] ----------------------------------------------------------------------
[debug] [2023-08-16T21:19:44.099Z] Command:       C:\Program Files\nodejs\node.exe C:\Users\U\AppData\Roaming\npm\node_modules\firebase-tools\lib\bin\firebase.js deploy
[debug] [2023-08-16T21:19:44.101Z] CLI Version:   11.16.1
[debug] [2023-08-16T21:19:44.101Z] Platform:      win32
[debug] [2023-08-16T21:19:44.102Z] Node Version:  v18.16.0
[debug] [2023-08-16T21:19:44.104Z] Time:          Thu Aug 17 2023 03:19:44 GMT+0600 (Bangladesh Standard Time)
[debug] [2023-08-16T21:19:44.105Z] ----------------------------------------------------------------------
[debug] 
[debug] [2023-08-16T21:19:44.419Z] > command requires scopes: ["email","openid","https://www.googleapis.com/auth/cloudplatformprojects.readonly","https://www.googleapis.com/auth/firebase","https://www.googleapis.com/auth/cloud-platform"]
[debug] [2023-08-16T21:19:44.421Z] > authorizing via signed-in user (optometrist501@gmail.com)
[debug] [2023-08-16T21:19:44.421Z] [iam] checking project optometrist-a88bd for permissions ["firebase.projects.get","firebasehosting.sites.update"]
[debug] [2023-08-16T21:19:44.427Z] >>> [apiv2][query] POST https://cloudresourcemanager.googleapis.com/v1/projects/optometrist-a88bd:testIamPermissions [none]
[debug] [2023-08-16T21:19:44.427Z] >>> [apiv2][(partial)header] POST https://cloudresourcemanager.googleapis.com/v1/projects/optometrist-a88bd:testIamPermissions x-goog-quota-user=projects/optometrist-a88bd
[debug] [2023-08-16T21:19:44.428Z] >>> [apiv2][body] POST https://cloudresourcemanager.googleapis.com/v1/projects/optometrist-a88bd:testIamPermissions {"permissions":["firebase.projects.get","firebasehosting.sites.update"]}
[debug] [2023-08-16T21:19:48.469Z] <<< [apiv2][status] POST https://cloudresourcemanager.googleapis.com/v1/projects/optometrist-a88bd:testIamPermissions 401
[debug] [2023-08-16T21:19:48.470Z] <<< [apiv2][body] POST https://cloudresourcemanager.googleapis.com/v1/projects/optometrist-a88bd:testIamPermissions {"error":{"code":401,"message":"Request had invalid authentication credentials. Expected OAuth 2 access token, login cookie or other valid authentication credential. See https://developers.google.com/identity/sign-in/web/devconsole-project.","status":"UNAUTHENTICATED","details":[{"@type":"type.googleapis.com/google.rpc.ErrorInfo","reason":"ACCESS_TOKEN_TYPE_UNSUPPORTED","metadata":{"service":"cloudresourcemanager.googleapis.com","method":"google.cloudresourcemanager.v1.Projects.TestIamPermissions"}}]}}
[debug] [2023-08-16T21:19:48.474Z] [iam] error while checking permissions, command may fail: FirebaseError: HTTP Error: 401, Request had invalid authentication credentials. Expected OAuth 2 access token, login cookie or other valid authentication credential. See https://developers.google.com/identity/sign-in/web/devconsole-project.
[debug] [2023-08-16T21:19:48.478Z] >>> [apiv2][query] GET https://firebase.googleapis.com/v1beta1/projects/optometrist-a88bd [none]
[debug] [2023-08-16T21:19:48.890Z] <<< [apiv2][status] GET https://firebase.googleapis.com/v1beta1/projects/optometrist-a88bd 401
[debug] [2023-08-16T21:19:48.890Z] <<< [apiv2][body] GET https://firebase.googleapis.com/v1beta1/projects/optometrist-a88bd {"error":{"code":401,"message":"Request had invalid authentication credentials. Expected OAuth 2 access token, login cookie or other valid authentication credential. See https://developers.google.com/identity/sign-in/web/devconsole-project.","status":"UNAUTHENTICATED"}}
[debug] [2023-08-16T21:19:48.891Z] HTTP Error: 401, Request had invalid authentication credentials. Expected OAuth 2 access token, login cookie or other valid authentication credential. See https://developers.google.com/identity/sign-in/web/devconsole-project.
[debug] [2023-08-16T21:19:49.215Z] FirebaseError: HTTP Error: 401, Request had invalid authentication credentials. Expected OAuth 2 access token, login cookie or other valid authentication credential. See https://developers.google.com/identity/sign-in/web/devconsole-project.
    at responseToError (C:\Users\U\AppData\Roaming\npm\node_modules\firebase-tools\lib\responseToError.js:49:12)
    at RetryOperation._fn (C:\Users\U\AppData\Roaming\npm\node_modules\firebase-tools\lib\apiv2.js:288:77)
    at process.processTicksAndRejections (node:internal/process/task_queues:95:5)
[error] 
[error] Error: Failed to get Firebase project optometrist-a88bd. Please make sure the project exists and your account has permission to access it.
